<?xml version="1.0" encoding="UTF-8"?>
<!-- Generated by org.testng.reporters.JUnitReportReporter -->
<testsuite hostname="Q15879" name="com.stockaccounting.tests.SAexe" tests="1" failures="0" timestamp="15 Jul 2016 11:16:14 GMT" time="14.609" errors="0">
  <testcase name="loginexe" time="14.609" classname="com.stockaccounting.tests.SAexe"/>
</testsuite> <!-- com.stockaccounting.tests.SAexe -->
